<?xml version="1.0" encoding="UTF-8"?>
<!-- Generated by org.testng.reporters.JUnitXMLReporter -->
<testsuite ignored="0" hostname="LT0152392" failures="1" tests="2" name="Error validation test" time="16.651" errors="0" timestamp="11 May 2023 18:48:02 GMT">
  <testcase classname="Jiochat.tests.ErrorValidations" name="LogInErrorvalidtion" time="0.49">
    <failure type="org.junit.ComparisonFailure" message="expected:&amp;lt;Incorrect email []password.&amp;gt; but was:&amp;lt;Incorrect email [or ]password.&amp;gt;">
      <![CDATA[org.junit.ComparisonFailure: expected:<Incorrect email []password.> but was:<Incorrect email [or ]password.>
at org.junit.Assert.assertEquals(Assert.java:115)
at org.junit.Assert.assertEquals(Assert.java:144)
at Jiochat.tests.ErrorValidations.LogInErrorvalidtion(ErrorValidations.java:22)
at java.base/java.util.concurrent.FutureTask.run(FutureTask.java:264)
at java.base/java.util.concurrent.ThreadPoolExecutor.runWorker(ThreadPoolExecutor.java:1136)
at java.base/java.util.concurrent.ThreadPoolExecutor$Worker.run(ThreadPoolExecutor.java:635)
at java.base/java.lang.Thread.run(Thread.java:833)
... Removed 16 stack frames]]>
    </failure>
  </testcase> <!-- LogInErrorvalidtion -->
  <testcase classname="Jiochat.tests.ErrorValidations" name="ProductErrorValidation" time="2.192"/>
</testsuite> <!-- Error validation test -->
