<?xml version="1.0" encoding="UTF-8"?>
<!-- Generated by org.testng.reporters.JUnitXMLReporter -->
<testsuite ignored="0" hostname="LT0152392" failures="0" tests="3" name="Submit order test" time="36.383" errors="0" timestamp="11 May 2023 18:48:22 GMT">
  <testcase classname="Jiochat.tests.SubmitOrderTest" name="submitOrder" time="8.847"/>
  <testcase classname="Jiochat.tests.SubmitOrderTest" name="submitOrder" time="8.921"/>
  <testcase classname="Jiochat.tests.SubmitOrderTest" name="OrderHistoryTest" time="0.61"/>
</testsuite> <!-- Submit order test -->
