<?xml version="1.0" encoding="UTF-8"?>
<!-- Generated by org.testng.reporters.JUnitXMLReporter -->
<testsuite ignored="0" hostname="LT0152392" failures="0" tests="4" name="Test" time="8.322" errors="0" timestamp="2023-05-09T23:47:06 IST">
  <testcase classname="Jiochat.TestComponents.BaseTest" name="@BeforeMethod launchApplication" time="6.022">
    <failure type="java.lang.NullPointerException" message="Cannot invoke &amp;quot;org.openqa.selenium.WebDriver.manage()&amp;quot; because &amp;quot;this.driver&amp;quot; is null">
      <![CDATA[java.lang.NullPointerException: Cannot invoke "org.openqa.selenium.WebDriver.manage()" because "this.driver" is null
at Jiochat.TestComponents.BaseTest.initializeDriver(BaseTest.java:37)
at Jiochat.TestComponents.BaseTest.launchApplication(BaseTest.java:47)
at java.base/java.util.ArrayList.forEach(ArrayList.java:1511)
at java.base/java.util.concurrent.FutureTask.run(FutureTask.java:264)
at java.base/java.util.concurrent.ThreadPoolExecutor.runWorker(ThreadPoolExecutor.java:1136)
at java.base/java.util.concurrent.ThreadPoolExecutor$Worker.run(ThreadPoolExecutor.java:635)
at java.base/java.lang.Thread.run(Thread.java:833)
... Removed 21 stack frames]]>
    </failure>
  </testcase> <!-- @BeforeMethod launchApplication -->
  <testcase classname="Jiochat.TestComponents.BaseTest" name="@AfterMethod teadDown" time="0.0">
    <skipped/>
  </testcase> <!-- @AfterMethod teadDown -->
  <testcase classname="Jiochat.TestComponents.BaseTest" name="@BeforeMethod launchApplication" time="0.0">
    <skipped/>
  </testcase> <!-- @BeforeMethod launchApplication -->
  <testcase classname="Jiochat.TestComponents.BaseTest" name="@AfterMethod teadDown" time="0.0">
    <skipped/>
  </testcase> <!-- @AfterMethod teadDown -->
  <testcase classname="Jiochat.TestComponents.BaseTest" name="@BeforeMethod launchApplication" time="2.208">
    <failure type="java.lang.NullPointerException" message="Cannot invoke &amp;quot;org.openqa.selenium.WebDriver.manage()&amp;quot; because &amp;quot;this.driver&amp;quot; is null">
      <![CDATA[java.lang.NullPointerException: Cannot invoke "org.openqa.selenium.WebDriver.manage()" because "this.driver" is null
at Jiochat.TestComponents.BaseTest.initializeDriver(BaseTest.java:37)
at Jiochat.TestComponents.BaseTest.launchApplication(BaseTest.java:47)
at java.base/java.util.ArrayList.forEach(ArrayList.java:1511)
at java.base/java.util.concurrent.FutureTask.run(FutureTask.java:264)
at java.base/java.util.concurrent.ThreadPoolExecutor.runWorker(ThreadPoolExecutor.java:1136)
at java.base/java.util.concurrent.ThreadPoolExecutor$Worker.run(ThreadPoolExecutor.java:635)
at java.base/java.lang.Thread.run(Thread.java:833)
... Removed 21 stack frames]]>
    </failure>
  </testcase> <!-- @BeforeMethod launchApplication -->
  <testcase classname="Jiochat.TestComponents.BaseTest" name="@AfterMethod teadDown" time="0.0">
    <skipped/>
  </testcase> <!-- @AfterMethod teadDown -->
  <testcase classname="Jiochat.ErrorValidations" name="LogInErrorvalidtion" time="0.0">
    <skipped/>
  </testcase> <!-- LogInErrorvalidtion -->
  <testcase classname="Jiochat.ErrorValidations" name="ProductErrorValidation" time="0.0">
    <skipped/>
  </testcase> <!-- ProductErrorValidation -->
  <testcase classname="Jiochat.SubmitOrderTest" name="submitOrder" time="0.0">
    <skipped/>
  </testcase> <!-- submitOrder -->
  <testcase classname="Jiochat.SubmitOrderTest" name="OrderHistoryTest" time="0.0">
    <skipped/>
  </testcase> <!-- OrderHistoryTest -->
</testsuite> <!-- Test -->
