<?xml version="1.0" encoding="UTF-8"?>
<testng-results ignored="0" total="5" passed="4" failed="1" skipped="0">
  <reporter-output>
  </reporter-output>
  <suite started-at="2023-05-11T18:47:45Z" name="Suite" finished-at="2023-05-11T18:48:21Z" duration-ms="36383">
    <groups>
      <group name="Purchase">
        <method signature="SubmitOrderTest.submitOrder(java.util.HashMap)[pri:0, instance:Jiochat.tests.SubmitOrderTest@5a9f4771]" name="submitOrder" class="Jiochat.tests.SubmitOrderTest"/>
      </group> <!-- Purchase -->
      <group name="ErrorHandling">
        <method signature="ErrorValidations.LogInErrorvalidtion()[pri:0, instance:Jiochat.tests.ErrorValidations@6f19ac19]" name="LogInErrorvalidtion" class="Jiochat.tests.ErrorValidations"/>
      </group> <!-- ErrorHandling -->
    </groups>
    <test started-at="2023-05-11T18:47:45Z" name="Error validation test" finished-at="2023-05-11T18:48:02Z" duration-ms="16651">
      <class name="Jiochat.tests.ErrorValidations">
        <test-method is-config="true" signature="launchApplication()[pri:0, instance:Jiochat.tests.ErrorValidations@6f19ac19]" started-at="2023-05-11T18:47:45Z" name="launchApplication" finished-at="2023-05-11T18:47:54Z" duration-ms="8534" status="PASS">
          <reporter-output>
          </reporter-output>
        </test-method> <!-- launchApplication -->
        <test-method signature="LogInErrorvalidtion()[pri:0, instance:Jiochat.tests.ErrorValidations@6f19ac19]" started-at="2023-05-11T18:47:54Z" name="LogInErrorvalidtion" finished-at="2023-05-11T18:47:54Z" duration-ms="490" status="FAIL">
          <exception class="org.junit.ComparisonFailure">
            <message>
              <![CDATA[expected:<Incorrect email []password.> but was:<Incorrect email [or ]password.>]]>
            </message>
            <full-stacktrace>
              <![CDATA[org.junit.ComparisonFailure: expected:<Incorrect email []password.> but was:<Incorrect email [or ]password.>
at org.junit.Assert.assertEquals(Assert.java:115)
at org.junit.Assert.assertEquals(Assert.java:144)
at Jiochat.tests.ErrorValidations.LogInErrorvalidtion(ErrorValidations.java:22)
at java.base/jdk.internal.reflect.NativeMethodAccessorImpl.invoke0(Native Method)
at java.base/jdk.internal.reflect.NativeMethodAccessorImpl.invoke(NativeMethodAccessorImpl.java:77)
at java.base/jdk.internal.reflect.DelegatingMethodAccessorImpl.invoke(DelegatingMethodAccessorImpl.java:43)
at java.base/java.lang.reflect.Method.invoke(Method.java:568)
at org.testng.internal.MethodInvocationHelper.invokeMethod(MethodInvocationHelper.java:124)
at org.testng.internal.Invoker.invokeMethod(Invoker.java:583)
at org.testng.internal.Invoker.invokeTestMethod(Invoker.java:719)
at org.testng.internal.Invoker.invokeTestMethods(Invoker.java:989)
at org.testng.internal.TestMethodWorker.invokeTestMethods(TestMethodWorker.java:125)
at org.testng.internal.TestMethodWorker.run(TestMethodWorker.java:109)
at org.testng.TestRunner.privateRun(TestRunner.java:648)
at org.testng.TestRunner.run(TestRunner.java:505)
at org.testng.SuiteRunner.runTest(SuiteRunner.java:455)
at org.testng.SuiteRunner.access$000(SuiteRunner.java:40)
at org.testng.SuiteRunner$SuiteWorker.run(SuiteRunner.java:489)
at org.testng.internal.thread.ThreadUtil$1.call(ThreadUtil.java:52)
at java.base/java.util.concurrent.FutureTask.run(FutureTask.java:264)
at java.base/java.util.concurrent.ThreadPoolExecutor.runWorker(ThreadPoolExecutor.java:1136)
at java.base/java.util.concurrent.ThreadPoolExecutor$Worker.run(ThreadPoolExecutor.java:635)
at java.base/java.lang.Thread.run(Thread.java:833)
]]>
            </full-stacktrace>
          </exception> <!-- org.junit.ComparisonFailure -->
          <reporter-output>
          </reporter-output>
        </test-method> <!-- LogInErrorvalidtion -->
        <test-method is-config="true" signature="teadDown()[pri:0, instance:Jiochat.tests.ErrorValidations@6f19ac19]" started-at="2023-05-11T18:47:54Z" name="teadDown" finished-at="2023-05-11T18:47:54Z" duration-ms="182" status="PASS">
          <reporter-output>
          </reporter-output>
        </test-method> <!-- teadDown -->
        <test-method is-config="true" signature="launchApplication()[pri:0, instance:Jiochat.tests.ErrorValidations@6f19ac19]" started-at="2023-05-11T18:47:54Z" name="launchApplication" finished-at="2023-05-11T18:47:59Z" duration-ms="4840" status="PASS">
          <reporter-output>
          </reporter-output>
        </test-method> <!-- launchApplication -->
        <test-method signature="ProductErrorValidation()[pri:0, instance:Jiochat.tests.ErrorValidations@6f19ac19]" started-at="2023-05-11T18:47:59Z" name="ProductErrorValidation" finished-at="2023-05-11T18:48:02Z" duration-ms="2192" status="PASS">
          <reporter-output>
          </reporter-output>
        </test-method> <!-- ProductErrorValidation -->
        <test-method is-config="true" signature="teadDown()[pri:0, instance:Jiochat.tests.ErrorValidations@6f19ac19]" started-at="2023-05-11T18:48:02Z" name="teadDown" finished-at="2023-05-11T18:48:02Z" duration-ms="95" status="PASS">
          <reporter-output>
          </reporter-output>
        </test-method> <!-- teadDown -->
      </class> <!-- Jiochat.tests.ErrorValidations -->
    </test> <!-- Error validation test -->
    <test started-at="2023-05-11T18:47:45Z" name="Submit order test" finished-at="2023-05-11T18:48:21Z" duration-ms="36383">
      <class name="Jiochat.tests.SubmitOrderTest">
        <test-method is-config="true" signature="launchApplication()[pri:0, instance:Jiochat.tests.SubmitOrderTest@5a9f4771]" started-at="2023-05-11T18:47:45Z" name="launchApplication" finished-at="2023-05-11T18:47:54Z" duration-ms="8503" status="PASS">
          <reporter-output>
          </reporter-output>
        </test-method> <!-- launchApplication -->
        <test-method signature="submitOrder(java.util.HashMap)[pri:0, instance:Jiochat.tests.SubmitOrderTest@5a9f4771]" started-at="2023-05-11T18:47:54Z" name="submitOrder" data-provider="getData" finished-at="2023-05-11T18:48:03Z" duration-ms="8847" status="PASS">
          <params>
            <param index="0">
              <value>
                <![CDATA[{password=Demo@Test23, product=ZARA COAT 3, email=testdemoautomation3@mailnesia.com}]]>
              </value>
            </param>
          </params>
          <reporter-output>
          </reporter-output>
        </test-method> <!-- submitOrder -->
        <test-method is-config="true" signature="teadDown()[pri:0, instance:Jiochat.tests.SubmitOrderTest@5a9f4771]" started-at="2023-05-11T18:48:03Z" name="teadDown" finished-at="2023-05-11T18:48:03Z" duration-ms="107" status="PASS">
          <reporter-output>
          </reporter-output>
        </test-method> <!-- teadDown -->
        <test-method is-config="true" signature="launchApplication()[pri:0, instance:Jiochat.tests.SubmitOrderTest@5a9f4771]" started-at="2023-05-11T18:48:03Z" name="launchApplication" finished-at="2023-05-11T18:48:08Z" duration-ms="4720" status="PASS">
          <reporter-output>
          </reporter-output>
        </test-method> <!-- launchApplication -->
        <test-method signature="submitOrder(java.util.HashMap)[pri:0, instance:Jiochat.tests.SubmitOrderTest@5a9f4771]" started-at="2023-05-11T18:48:08Z" name="submitOrder" data-provider="getData" finished-at="2023-05-11T18:48:16Z" duration-ms="8921" status="PASS">
          <params>
            <param index="0">
              <value>
                <![CDATA[{password=Demo@Test23, product=ADIDAS ORIGINAL, email=testdemoautomation3@mailnesia.com}]]>
              </value>
            </param>
          </params>
          <reporter-output>
          </reporter-output>
        </test-method> <!-- submitOrder -->
        <test-method is-config="true" signature="teadDown()[pri:0, instance:Jiochat.tests.SubmitOrderTest@5a9f4771]" started-at="2023-05-11T18:48:16Z" name="teadDown" finished-at="2023-05-11T18:48:17Z" duration-ms="92" status="PASS">
          <reporter-output>
          </reporter-output>
        </test-method> <!-- teadDown -->
        <test-method is-config="true" signature="launchApplication()[pri:0, instance:Jiochat.tests.SubmitOrderTest@5a9f4771]" started-at="2023-05-11T18:48:17Z" name="launchApplication" finished-at="2023-05-11T18:48:21Z" duration-ms="4087" status="PASS">
          <reporter-output>
          </reporter-output>
        </test-method> <!-- launchApplication -->
        <test-method signature="OrderHistoryTest()[pri:0, instance:Jiochat.tests.SubmitOrderTest@5a9f4771]" started-at="2023-05-11T18:48:21Z" name="OrderHistoryTest" finished-at="2023-05-11T18:48:21Z" depends-on-methods="Jiochat.tests.SubmitOrderTest.submitOrder" duration-ms="610" status="PASS">
          <reporter-output>
          </reporter-output>
        </test-method> <!-- OrderHistoryTest -->
        <test-method is-config="true" signature="teadDown()[pri:0, instance:Jiochat.tests.SubmitOrderTest@5a9f4771]" started-at="2023-05-11T18:48:21Z" name="teadDown" finished-at="2023-05-11T18:48:21Z" duration-ms="111" status="PASS">
          <reporter-output>
          </reporter-output>
        </test-method> <!-- teadDown -->
      </class> <!-- Jiochat.tests.SubmitOrderTest -->
    </test> <!-- Submit order test -->
  </suite> <!-- Suite -->
</testng-results>
